<?xml version="1.0" encoding="UTF-8"?>
<!-- Generated by org.testng.reporters.JUnitReportReporter -->
<testsuite skipped="0" hostname="LIT004950" name="main.Main" tests="3" failures="0" timestamp="2022-04-02T18:19:39 CEST" time="9.349" errors="0">
  <testcase name="executeSmoketest_HomePage_SearchBar" time="5.237" classname="main.Main"/>
  <system-out/>
  <testcase name="executeSmoketest_HomePage_ToolBar" time="2.155" classname="main.Main"/>
  <system-out/>
  <testcase name="executeSmoketest_HomePage_ActionBar" time="1.957" classname="main.Main"/>
  <system-out/>
</testsuite> <!-- main.Main -->
