<?xml version="1.0" encoding="UTF-8"?>
<!-- Generated by org.testng.reporters.JUnitReportReporter -->
<testsuite hostname="LIT004950" failures="0" tests="1" name="app.AppTest" time="82.867" errors="0" timestamp="2022-04-02T12:07:49 CEST" skipped="0">
  <testcase classname="app.AppTest" name="test" time="82.867"/>
  <system-out/>
</testsuite> <!-- app.AppTest -->
