<?xml version="1.0" encoding="UTF-8"?>
<!-- Generated by org.testng.reporters.JUnitReportReporter -->
<testsuite hostname="LIT004950" failures="0" tests="1" name="app.SmoketestLogin" time="3.062" errors="0" timestamp="2022-04-02T12:54:12 CEST" skipped="0">
  <testcase classname="app.SmoketestLogin" name="test" time="3.062"/>
  <system-out/>
</testsuite> <!-- app.SmoketestLogin -->
